This is pdfTeX, Version 3.14159265-2.6-1.40.15 (TeX Live 2014) (preloaded format=pdflatex 2014.5.25)  31 AUG 2016 11:08
entering extended mode
 restricted \write18 enabled.
 file:line:error style messages enabled.
 %&-line parsing enabled.
**EGauthorGuidelines-VMV16-fin.tex
(./EGauthorGuidelines-VMV16-fin.tex
LaTeX2e <2014/05/01>
Babel <3.9k> and hyphenation patterns for 78 languages loaded.
(./egpubl.cls
Document Class: egpubl 2015/11/17 Document Style for EG Publications v3.62
\c@table=\count79
\c@figure=\count80
\c@part=\count81
\c@section=\count82
\c@subsection=\count83
\c@subsubsection=\count84
\c@paragraph=\count85
\c@subparagraph=\count86
\titlespace=\skip41
\teaserspace=\skip42
\c@p@volume=\count87
\bibhang=\skip43
\every@verbatim=\toks14
\verbatim@line=\toks15
(/usr/local/texlive/2014/texmf-dist/tex/generic/oberdiek/ifpdf.sty
Package: ifpdf 2011/01/30 v2.3 Provides the ifpdf switch (HO)
Package ifpdf Info: pdfTeX in PDF mode is detected.
)
(./EGauthorGuidelines-VMV16-fin.lbl)
\openout9 = `EGauthorGuidelines-VMV16-fin.lbl'.

) (./EGVMV16.sty)
(/usr/local/texlive/2014/texmf-dist/tex/latex/graphics/graphicx.sty
Package: graphicx 2014/04/25 v1.0g Enhanced LaTeX Graphics (DPC,SPQR)

(/usr/local/texlive/2014/texmf-dist/tex/latex/graphics/keyval.sty
Package: keyval 2014/05/08 v1.15 key=value parser (DPC)
\KV@toks@=\toks16
)
(/usr/local/texlive/2014/texmf-dist/tex/latex/graphics/graphics.sty
Package: graphics 2009/02/05 v1.0o Standard LaTeX Graphics (DPC,SPQR)

(/usr/local/texlive/2014/texmf-dist/tex/latex/graphics/trig.sty
Package: trig 1999/03/16 v1.09 sin cos tan (DPC)
)
(/usr/local/texlive/2014/texmf-dist/tex/latex/latexconfig/graphics.cfg
File: graphics.cfg 2010/04/23 v1.9 graphics configuration of TeX Live
)
Package graphics Info: Driver file: pdftex.def on input line 91.

(/usr/local/texlive/2014/texmf-dist/tex/latex/pdftex-def/pdftex.def
File: pdftex.def 2011/05/27 v0.06d Graphics/color for pdfTeX

(/usr/local/texlive/2014/texmf-dist/tex/generic/oberdiek/infwarerr.sty
Package: infwarerr 2010/04/08 v1.3 Providing info/warning/error messages (HO)
)
(/usr/local/texlive/2014/texmf-dist/tex/generic/oberdiek/ltxcmds.sty
Package: ltxcmds 2011/11/09 v1.22 LaTeX kernel commands for general use (HO)
)
\Gread@gobject=\count88
))
\Gin@req@height=\dimen102
\Gin@req@width=\dimen103
)
(/usr/local/texlive/2014/texmf-dist/tex/latex/hyperref/hyperref.sty
Package: hyperref 2012/11/06 v6.83m Hypertext links for LaTeX

(/usr/local/texlive/2014/texmf-dist/tex/generic/oberdiek/hobsub-hyperref.sty
Package: hobsub-hyperref 2012/05/28 v1.13 Bundle oberdiek, subset hyperref (HO)


(/usr/local/texlive/2014/texmf-dist/tex/generic/oberdiek/hobsub-generic.sty
Package: hobsub-generic 2012/05/28 v1.13 Bundle oberdiek, subset generic (HO)
Package: hobsub 2012/05/28 v1.13 Construct package bundles (HO)
Package hobsub Info: Skipping package `infwarerr' (already loaded).
Package hobsub Info: Skipping package `ltxcmds' (already loaded).
Package: ifluatex 2010/03/01 v1.3 Provides the ifluatex switch (HO)
Package ifluatex Info: LuaTeX not detected.
Package: ifvtex 2010/03/01 v1.5 Detect VTeX and its facilities (HO)
Package ifvtex Info: VTeX not detected.
Package: intcalc 2007/09/27 v1.1 Expandable calculations with integers (HO)
Package hobsub Info: Skipping package `ifpdf' (already loaded).
Package: etexcmds 2011/02/16 v1.5 Avoid name clashes with e-TeX commands (HO)
Package etexcmds Info: Could not find \expanded.
(etexcmds)             That can mean that you are not using pdfTeX 1.50 or
(etexcmds)             that some package has redefined \expanded.
(etexcmds)             In the latter case, load this package earlier.
Package: kvsetkeys 2012/04/25 v1.16 Key value parser (HO)
Package: kvdefinekeys 2011/04/07 v1.3 Define keys (HO)
Package: pdftexcmds 2011/11/29 v0.20 Utility functions of pdfTeX for LuaTeX (HO
)
Package pdftexcmds Info: LuaTeX not detected.
Package pdftexcmds Info: \pdf@primitive is available.
Package pdftexcmds Info: \pdf@ifprimitive is available.
Package pdftexcmds Info: \pdfdraftmode found.
Package: pdfescape 2011/11/25 v1.13 Implements pdfTeX's escape features (HO)
Package: bigintcalc 2012/04/08 v1.3 Expandable calculations on big integers (HO
)
Package: bitset 2011/01/30 v1.1 Handle bit-vector datatype (HO)
Package: uniquecounter 2011/01/30 v1.2 Provide unlimited unique counter (HO)
)
Package hobsub Info: Skipping package `hobsub' (already loaded).
Package: letltxmacro 2010/09/02 v1.4 Let assignment for LaTeX macros (HO)
Package: hopatch 2012/05/28 v1.2 Wrapper for package hooks (HO)
Package: xcolor-patch 2011/01/30 xcolor patch
Package: atveryend 2011/06/30 v1.8 Hooks at the very end of document (HO)
Package atveryend Info: \enddocument detected (standard20110627).
Package: atbegshi 2011/10/05 v1.16 At begin shipout hook (HO)
Package: refcount 2011/10/16 v3.4 Data extraction from label references (HO)
Package: hycolor 2011/01/30 v1.7 Color options for hyperref/bookmark (HO)
)
(/usr/local/texlive/2014/texmf-dist/tex/generic/ifxetex/ifxetex.sty
Package: ifxetex 2010/09/12 v0.6 Provides ifxetex conditional
)
(/usr/local/texlive/2014/texmf-dist/tex/latex/oberdiek/auxhook.sty
Package: auxhook 2011/03/04 v1.3 Hooks for auxiliary files (HO)
)
(/usr/local/texlive/2014/texmf-dist/tex/latex/oberdiek/kvoptions.sty
Package: kvoptions 2011/06/30 v3.11 Key value format for package options (HO)
)
\@linkdim=\dimen104
\Hy@linkcounter=\count89
\Hy@pagecounter=\count90

(/usr/local/texlive/2014/texmf-dist/tex/latex/hyperref/pd1enc.def
File: pd1enc.def 2012/11/06 v6.83m Hyperref: PDFDocEncoding definition (HO)
)
\Hy@SavedSpaceFactor=\count91

(/usr/local/texlive/2014/texmf-dist/tex/latex/latexconfig/hyperref.cfg
File: hyperref.cfg 2002/06/06 v1.2 hyperref configuration of TeXLive
)
Package hyperref Info: Option `colorlinks' set `true' on input line 4319.
Package hyperref Info: Option `bookmarks' set `false' on input line 4319.
Package hyperref Info: Hyper figures OFF on input line 4443.
Package hyperref Info: Link nesting OFF on input line 4448.
Package hyperref Info: Hyper index ON on input line 4451.
Package hyperref Info: Plain pages OFF on input line 4458.
Package hyperref Info: Backreferencing ON on input line 4461.
Package hyperref Info: Implicit mode ON; LaTeX internals redefined.
Package hyperref Info: Bookmarks OFF on input line 4694.

(/usr/local/texlive/2014/texmf-dist/tex/latex/hyperref/backref.sty
Package: backref 2012/07/25 v1.38 Bibliographical back referencing

(/usr/local/texlive/2014/texmf-dist/tex/latex/oberdiek/rerunfilecheck.sty
Package: rerunfilecheck 2011/04/15 v1.7 Rerun checks for auxiliary files (HO)
Package uniquecounter Info: New unique counter `rerunfilecheck' on input line 2
82.
))
\c@Hy@tempcnt=\count92

(/usr/local/texlive/2014/texmf-dist/tex/latex/url/url.sty
\Urlmuskip=\muskip10
Package: url 2013/09/16  ver 3.4  Verb mode for urls, etc.
)
LaTeX Info: Redefining \url on input line 5041.
\XeTeXLinkMargin=\dimen105
\Fld@menulength=\count93
\Field@Width=\dimen106
\Fld@charsize=\dimen107
Package hyperref Info: Hyper figures OFF on input line 6295.
Package hyperref Info: Link nesting OFF on input line 6300.
Package hyperref Info: Hyper index ON on input line 6303.
Package hyperref Info: backreferencing ON on input line 6308.
Package hyperref Info: Link coloring ON on input line 6313.
Package hyperref Info: Link coloring with OCG OFF on input line 6320.
Package hyperref Info: PDF/A mode OFF on input line 6325.
LaTeX Info: Redefining \ref on input line 6365.
LaTeX Info: Redefining \pageref on input line 6369.
\Hy@abspage=\count94
\c@Item=\count95
\c@Hfootnote=\count96
)

Package hyperref Message: Driver: hpdftex.

(/usr/local/texlive/2014/texmf-dist/tex/latex/hyperref/hpdftex.def
File: hpdftex.def 2012/11/06 v6.83m Hyperref driver for pdfTeX
\Fld@listcount=\count97
\c@bookmark@seq@number=\count98
\Hy@SectionHShift=\skip44
)
(/usr/local/texlive/2014/texmf-dist/tex/latex/base/t1enc.sty
Package: t1enc 1994/06/01 Standard LaTeX package
) (./dfadobe.sty
Package: dfadobe 2000/03/05 v1.4 T1-encoded Times (except symbols), Courier, He
lvetica (at 90\%) + math package
LaTeX Font Info:    Redeclaring symbol font `operators' on input line 14.
LaTeX Font Info:    Overwriting symbol font `operators' in version `normal'
(Font)                  OT1/cmr/m/n --> OT1/ptmcm/m/n on input line 14.
LaTeX Font Info:    Overwriting symbol font `operators' in version `bold'
(Font)                  OT1/cmr/bx/n --> OT1/ptmcm/m/n on input line 14.
LaTeX Font Info:    Redeclaring symbol font `letters' on input line 15.
LaTeX Font Info:    Overwriting symbol font `letters' in version `normal'
(Font)                  OML/cmm/m/it --> OML/ptmcm/m/it on input line 15.
LaTeX Font Info:    Overwriting symbol font `letters' in version `bold'
(Font)                  OML/cmm/b/it --> OML/ptmcm/m/it on input line 15.
LaTeX Font Info:    Redeclaring symbol font `largesymbols' on input line 16.
LaTeX Font Info:    Overwriting symbol font `largesymbols' in version `normal'
(Font)                  OMX/cmex/m/n --> OMX/psycm/m/n on input line 16.
LaTeX Font Info:    Overwriting symbol font `largesymbols' in version `bold'
(Font)                  OMX/cmex/m/n --> OMX/psycm/m/n on input line 16.
\symbold=\mathgroup4
\symitalic=\mathgroup5
LaTeX Font Info:    Redeclaring math alphabet \mathbf on input line 19.
LaTeX Font Info:    Overwriting math alphabet `\mathbf' in version `normal'
(Font)                  OT1/cmr/bx/n --> OT1/ptm/bx/n on input line 19.
LaTeX Font Info:    Overwriting math alphabet `\mathbf' in version `bold'
(Font)                  OT1/cmr/bx/n --> OT1/ptm/bx/n on input line 19.
LaTeX Font Info:    Redeclaring math alphabet \mathit on input line 20.
LaTeX Font Info:    Overwriting math alphabet `\mathit' in version `normal'
(Font)                  OT1/cmr/m/it --> OT1/ptm/m/it on input line 20.
LaTeX Font Info:    Overwriting math alphabet `\mathit' in version `bold'
(Font)                  OT1/cmr/bx/it --> OT1/ptm/m/it on input line 20.

(./dfT1ptm.fd
File: dfT1ptm.fd 2000/03/05 DF - Fontinst v1.6 font definitions for T1/ptm.
) (./dfT1phv.fd
File: dfT1phv.fd 1997/12/02 Fontinst v1.6 font definitions for T1/phv scaled to
 90\%.
) (./dfT1pcr.fd
File: dfT1pcr.fd 2000/03/05 DF - Fontinst v1.6 font definitions for T1/pcr.
)) (./egweblnk.sty
Package: egweblnk 2004/10/29 v2.2 DF's support for http web links in class egpu
bl
)
(/usr/local/texlive/2014/texmf-dist/tex/latex/cite/cite.sty
LaTeX Info: Redefining \cite on input line 302.
LaTeX Info: Redefining \nocite on input line 373.
Package: cite 2010/09/10  v 5.3
)
(/usr/local/texlive/2014/texmf-dist/tex/latex/amsmath/amsmath.sty
Package: amsmath 2013/01/14 v2.14 AMS math features
\@mathmargin=\skip45

For additional information on amsmath, use the `?' option.
(/usr/local/texlive/2014/texmf-dist/tex/latex/amsmath/amstext.sty
Package: amstext 2000/06/29 v2.01

(/usr/local/texlive/2014/texmf-dist/tex/latex/amsmath/amsgen.sty
File: amsgen.sty 1999/11/30 v2.0
\@emptytoks=\toks17
\ex@=\dimen108
))
(/usr/local/texlive/2014/texmf-dist/tex/latex/amsmath/amsbsy.sty
Package: amsbsy 1999/11/29 v1.2d
\pmbraise@=\dimen109
)
(/usr/local/texlive/2014/texmf-dist/tex/latex/amsmath/amsopn.sty
Package: amsopn 1999/12/14 v2.01 operator names
)
\inf@bad=\count99
LaTeX Info: Redefining \frac on input line 210.
\uproot@=\count100
\leftroot@=\count101
LaTeX Info: Redefining \overline on input line 306.
\classnum@=\count102
\DOTSCASE@=\count103
LaTeX Info: Redefining \ldots on input line 378.
LaTeX Info: Redefining \dots on input line 381.
LaTeX Info: Redefining \cdots on input line 466.
\Mathstrutbox@=\box26
\strutbox@=\box27
\big@size=\dimen110
LaTeX Font Info:    Redeclaring font encoding OML on input line 566.
LaTeX Font Info:    Redeclaring font encoding OMS on input line 567.
\macc@depth=\count104
\c@MaxMatrixCols=\count105
\dotsspace@=\muskip11
\c@parentequation=\count106
\dspbrk@lvl=\count107
\tag@help=\toks18
\row@=\count108
\column@=\count109
\maxfields@=\count110
\andhelp@=\toks19
\eqnshift@=\dimen111
\alignsep@=\dimen112
\tagshift@=\dimen113
\tagwidth@=\dimen114
\totwidth@=\dimen115
\lineht@=\dimen116
\@envbody=\toks20
\multlinegap=\skip46
\multlinetaggap=\skip47
\mathdisplay@stack=\toks21
LaTeX Info: Redefining \[ on input line 2665.
LaTeX Info: Redefining \] on input line 2666.
)
(/usr/local/texlive/2014/texmf-dist/tex/latex/amsfonts/amssymb.sty
Package: amssymb 2013/01/14 v3.01 AMS font symbols

(/usr/local/texlive/2014/texmf-dist/tex/latex/amsfonts/amsfonts.sty
Package: amsfonts 2013/01/14 v3.01 Basic AMSFonts support
\symAMSa=\mathgroup6
\symAMSb=\mathgroup7
LaTeX Font Info:    Overwriting math alphabet `\mathfrak' in version `bold'
(Font)                  U/euf/m/n --> U/euf/b/n on input line 106.
))
(./EGauthorGuidelines-body.tex
(/usr/local/texlive/2014/texmf-dist/tex/latex/booktabs/booktabs.sty
Package: booktabs 2005/04/14 v1.61803 publication quality tables
\heavyrulewidth=\dimen117
\lightrulewidth=\dimen118
\cmidrulewidth=\dimen119
\belowrulesep=\dimen120
\belowbottomsep=\dimen121
\aboverulesep=\dimen122
\abovetopsep=\dimen123
\cmidrulesep=\dimen124
\cmidrulekern=\dimen125
\defaultaddspace=\dimen126
\@cmidla=\count111
\@cmidlb=\count112
\@aboverulesep=\dimen127
\@belowrulesep=\dimen128
\@thisruleclass=\count113
\@lastruleclass=\count114
\@thisrulewidth=\dimen129
)
(/usr/local/texlive/2014/texmf-dist/tex/latex/multirow/multirow.sty
\bigstrutjot=\dimen130
)
(./EGauthorGuidelines-VMV16-fin.aux)
\openout1 = `EGauthorGuidelines-VMV16-fin.aux'.

LaTeX Font Info:    Checking defaults for OML/cmm/m/it on input line 44.
LaTeX Font Info:    ... okay on input line 44.
LaTeX Font Info:    Checking defaults for T1/cmr/m/n on input line 44.
LaTeX Font Info:    ... okay on input line 44.
LaTeX Font Info:    Checking defaults for OT1/cmr/m/n on input line 44.
LaTeX Font Info:    ... okay on input line 44.
LaTeX Font Info:    Checking defaults for OMS/cmsy/m/n on input line 44.
LaTeX Font Info:    ... okay on input line 44.
LaTeX Font Info:    Checking defaults for OMX/cmex/m/n on input line 44.
LaTeX Font Info:    ... okay on input line 44.
LaTeX Font Info:    Checking defaults for U/cmr/m/n on input line 44.
LaTeX Font Info:    ... okay on input line 44.
LaTeX Font Info:    Checking defaults for PD1/pdf/m/n on input line 44.
LaTeX Font Info:    ... okay on input line 44.

(/usr/local/texlive/2014/texmf-dist/tex/context/base/supp-pdf.mkii
[Loading MPS to PDF converter (version 2006.09.02).]
\scratchcounter=\count115
\scratchdimen=\dimen131
\scratchbox=\box28
\nofMPsegments=\count116
\nofMParguments=\count117
\everyMPshowfont=\toks22
\MPscratchCnt=\count118
\MPscratchDim=\dimen132
\MPnumerator=\count119
\makeMPintoPDFobject=\count120
\everyMPtoPDFconversion=\toks23
) (/usr/local/texlive/2014/texmf-dist/tex/latex/oberdiek/epstopdf-base.sty
Package: epstopdf-base 2010/02/09 v2.5 Base part for package epstopdf

(/usr/local/texlive/2014/texmf-dist/tex/latex/oberdiek/grfext.sty
Package: grfext 2010/08/19 v1.1 Manage graphics extensions (HO)
)
Package grfext Info: Graphics extension search list:
(grfext)             [.png,.pdf,.jpg,.mps,.jpeg,.jbig2,.jb2,.PNG,.PDF,.JPG,.JPE
G,.JBIG2,.JB2,.eps]
(grfext)             \AppendGraphicsExtensions on input line 452.

(/usr/local/texlive/2014/texmf-dist/tex/latex/latexconfig/epstopdf-sys.cfg
File: epstopdf-sys.cfg 2010/07/13 v1.3 Configuration of (r)epstopdf for TeX Liv
e
))
\AtBeginShipoutBox=\box29


Package hyperref Warning: Height of page (\paperheight) is invalid (0.0pt),
(hyperref)                using 11in.

(/usr/local/texlive/2014/texmf-dist/tex/latex/graphics/color.sty
Package: color 2014/04/23 v1.1a Standard LaTeX Color (DPC)

(/usr/local/texlive/2014/texmf-dist/tex/latex/latexconfig/color.cfg
File: color.cfg 2007/01/18 v1.5 color configuration of teTeX/TeXLive
)
Package color Info: Driver file: pdftex.def on input line 137.
)
Package hyperref Info: Link coloring ON on input line 44.

(/usr/local/texlive/2014/texmf-dist/tex/latex/hyperref/nameref.sty
Package: nameref 2012/10/27 v2.43 Cross-referencing by name of section

(/usr/local/texlive/2014/texmf-dist/tex/generic/oberdiek/gettitlestring.sty
Package: gettitlestring 2010/12/03 v1.4 Cleanup title references (HO)
)
\c@section@level=\count121
)
LaTeX Info: Redefining \ref on input line 44.
LaTeX Info: Redefining \pageref on input line 44.
LaTeX Info: Redefining \nameref on input line 44.
LaTeX Font Info:    Font shape `T1/ptm/bx/n' in size <17.28> not available
(Font)              Font shape `T1/ptm/b/n' tried instead on input line 62.
LaTeX Font Info:    Try loading font information for OT1+ptmcm on input line 62
.

(/usr/local/texlive/2014/texmf-dist/tex/latex/psnfss/ot1ptmcm.fd
File: ot1ptmcm.fd 2000/01/03 Fontinst v1.801 font definitions for OT1/ptmcm.
)
LaTeX Font Info:    Try loading font information for OML+ptmcm on input line 62
.

(/usr/local/texlive/2014/texmf-dist/tex/latex/psnfss/omlptmcm.fd
File: omlptmcm.fd 2000/01/03 Fontinst v1.801 font definitions for OML/ptmcm.
)
LaTeX Font Info:    Try loading font information for OMX+psycm on input line 62
.

(/usr/local/texlive/2014/texmf-dist/tex/latex/psnfss/omxpsycm.fd
File: omxpsycm.fd 2000/01/03 Fontinst v1.801 font definitions for OMX/psycm.
)
LaTeX Font Info:    Try loading font information for OT1+ptm on input line 62.

(/usr/local/texlive/2014/texmf-dist/tex/latex/psnfss/ot1ptm.fd
File: ot1ptm.fd 2001/06/04 font definitions for OT1/ptm.
)
LaTeX Font Info:    Try loading font information for U+msa on input line 62.

(/usr/local/texlive/2014/texmf-dist/tex/latex/amsfonts/umsa.fd
File: umsa.fd 2013/01/14 v3.01 AMS symbols A
)
LaTeX Font Info:    Try loading font information for U+msb on input line 62.

(/usr/local/texlive/2014/texmf-dist/tex/latex/amsfonts/umsb.fd
File: umsb.fd 2013/01/14 v3.01 AMS symbols B
)
<figures/teaser/bw_front.jpg, id=4, 152.57pt x 210.7875pt>
File: figures/teaser/bw_front.jpg Graphic file (type jpg)

<use figures/teaser/bw_front.jpg>
Package pdftex.def Info: figures/teaser/bw_front.jpg used on input line 62.
(pdftex.def)             Requested size: 75.60037pt x 105.84227pt.
Package epstopdf Info: Source file: <figures/teaser/roth_bw_front.eps>
(epstopdf)                    date: 2016-08-21 22:09:58
(epstopdf)                    size: 335913 bytes
(epstopdf)             Output file: <figures/teaser/roth_bw_front-eps-converted
-to.pdf>
(epstopdf)                    date: 2016-08-21 22:18:55
(epstopdf)                    size: 133394 bytes
(epstopdf)             Command: <repstopdf --outfile=figures/teaser/roth_bw_fro
nt-eps-converted-to.pdf figures/teaser/roth_bw_front.eps>
(epstopdf)             \includegraphics on input line 62.
Package epstopdf Info: Output file is already uptodate.

<figures/teaser/roth_bw_front-eps-converted-to.pdf, id=5, 578.16pt x 433.62pt>
File: figures/teaser/roth_bw_front-eps-converted-to.pdf Graphic file (type pdf)


<use figures/teaser/roth_bw_front-eps-converted-to.pdf>
Package pdftex.def Info: figures/teaser/roth_bw_front-eps-converted-to.pdf used
 on input line 62.
(pdftex.def)             Requested size: 75.59315pt x 105.84183pt.
Package epstopdf Info: Source file: <figures/teaser/bw_front.eps>
(epstopdf)                    date: 2016-08-20 17:14:33
(epstopdf)                    size: 373120 bytes
(epstopdf)             Output file: <figures/teaser/bw_front-eps-converted-to.p
df>
(epstopdf)                    date: 2016-08-21 16:15:12
(epstopdf)                    size: 144587 bytes
(epstopdf)             Command: <repstopdf --outfile=figures/teaser/bw_front-ep
s-converted-to.pdf figures/teaser/bw_front.eps>
(epstopdf)             \includegraphics on input line 62.
Package epstopdf Info: Output file is already uptodate.

<figures/teaser/bw_front-eps-converted-to.pdf, id=7, 578.16pt x 433.62pt>
File: figures/teaser/bw_front-eps-converted-to.pdf Graphic file (type pdf)

<use figures/teaser/bw_front-eps-converted-to.pdf>
Package pdftex.def Info: figures/teaser/bw_front-eps-converted-to.pdf used on i
nput line 62.
(pdftex.def)             Requested size: 75.59315pt x 105.84183pt.

<figures/teaser/bw_profile.jpg, id=9, 154.5775pt x 218.8175pt>
File: figures/teaser/bw_profile.jpg Graphic file (type jpg)

<use figures/teaser/bw_profile.jpg>
Package pdftex.def Info: figures/teaser/bw_profile.jpg used on input line 62.
(pdftex.def)             Requested size: 75.59975pt x 105.84207pt.
Package epstopdf Info: Source file: <figures/teaser/roth_bw_profile.eps>
(epstopdf)                    date: 2016-08-21 22:10:09
(epstopdf)                    size: 182096 bytes
(epstopdf)             Output file: <figures/teaser/roth_bw_profile-eps-convert
ed-to.pdf>
(epstopdf)                    date: 2016-08-21 22:37:30
(epstopdf)                    size: 102682 bytes
(epstopdf)             Command: <repstopdf --outfile=figures/teaser/roth_bw_pro
file-eps-converted-to.pdf figures/teaser/roth_bw_profile.eps>
(epstopdf)             \includegraphics on input line 62.
Package epstopdf Info: Output file is already uptodate.

<figures/teaser/roth_bw_profile-eps-converted-to.pdf, id=10, 578.16pt x 433.62p
t>
File: figures/teaser/roth_bw_profile-eps-converted-to.pdf Graphic file (type pd
f)
 <use figures/teaser/roth_bw_profile-eps-converted-to.pdf>
Package pdftex.def Info: figures/teaser/roth_bw_profile-eps-converted-to.pdf us
ed on input line 62.
(pdftex.def)             Requested size: 75.59705pt x 105.84183pt.
Package epstopdf Info: Source file: <figures/teaser/bw_profile.eps>
(epstopdf)                    date: 2016-08-20 17:19:16
(epstopdf)                    size: 204493 bytes
(epstopdf)             Output file: <figures/teaser/bw_profile-eps-converted-to
.pdf>
(epstopdf)                    date: 2016-08-21 16:18:42
(epstopdf)                    size: 84779 bytes
(epstopdf)             Command: <repstopdf --outfile=figures/teaser/bw_profile-
eps-converted-to.pdf figures/teaser/bw_profile.eps>
(epstopdf)             \includegraphics on input line 62.
Package epstopdf Info: Output file is already uptodate.

<figures/teaser/bw_profile-eps-converted-to.pdf, id=12, 578.16pt x 433.62pt>
File: figures/teaser/bw_profile-eps-converted-to.pdf Graphic file (type pdf)

<use figures/teaser/bw_profile-eps-converted-to.pdf>
Package pdftex.def Info: figures/teaser/bw_profile-eps-converted-to.pdf used on
 input line 62.
(pdftex.def)             Requested size: 75.59315pt x 105.84183pt.
LaTeX Font Info:    Font shape `T1/ptm/bx/n' in size <9> not available
(Font)              Font shape `T1/ptm/b/n' tried instead on input line 62.

Underfull \vbox (badness 10000) has occurred while \output is active []

 [1{/usr/local/texlive/2014/texmf-var/fonts/map/pdftex/updmap/pdftex.map}


 <./figures/teaser/roth_bw_front-eps-converted-to.pdf> <./figures/teaser/bw_fro
nt-eps-converted-to.pdf> <./figures/teaser/roth_bw_profile-eps-converted-to.pdf
> <./figures/teaser/bw_profile-eps-converted-to.pdf> <./figures/teaser/bw_front
.jpg> <./figures/teaser/bw_profile.jpg>]
Underfull \hbox (badness 1874) in paragraph at lines 118--119
 \T1/ptm/b/n/9 Pho-to-met-ric Nor-mals. \T1/ptm/m/n/9 Next, a pho-to-met-ric st
ereo tech-nique
 []

[2] [3] <figures/ite_th.jpg, id=167, 2233.34375pt x 800.9925pt>
File: figures/ite_th.jpg Graphic file (type jpg)

<use figures/ite_th.jpg>
Package pdftex.def Info: figures/ite_th.jpg used on input line 250.
(pdftex.def)             Requested size: 240.0pt x 86.06834pt.

<figures/sil_all3.jpg, id=170, 1761.58125pt x 762.85pt>
File: figures/sil_all3.jpg Graphic file (type jpg)

<use figures/sil_all3.jpg>
Package pdftex.def Info: figures/sil_all3.jpg used on input line 268.
(pdftex.def)             Requested size: 240.0pt x 103.92316pt.
 [4 <./figures/ite_th.jpg> <./figures/sil_all3.jpg>]
Package epstopdf Info: Source file: <figures/groundtruth/roth_attila_front2.eps
>
(epstopdf)                    date: 2016-08-21 23:34:31
(epstopdf)                    size: 348724 bytes
(epstopdf)             Output file: <figures/groundtruth/roth_attila_front2-eps
-converted-to.pdf>
(epstopdf)                    date: 2016-08-21 23:36:42
(epstopdf)                    size: 156514 bytes
(epstopdf)             Command: <repstopdf --outfile=figures/groundtruth/roth_a
ttila_front2-eps-converted-to.pdf figures/groundtruth/roth_attila_front2.eps>
(epstopdf)             \includegraphics on input line 284.
Package epstopdf Info: Output file is already uptodate.

<figures/groundtruth/roth_attila_front2-eps-converted-to.pdf, id=188, 578.16pt 
x 433.62pt>
File: figures/groundtruth/roth_attila_front2-eps-converted-to.pdf Graphic file 
(type pdf)
 <use figures/groundtruth/roth_attila_front2-eps-converted-to.pdf>
Package pdftex.def Info: figures/groundtruth/roth_attila_front2-eps-converted-t
o.pdf used on input line 284.
(pdftex.def)             Requested size: 72.00183pt x 95.99574pt.
Package epstopdf Info: Source file: <figures/groundtruth/attila_front.eps>
(epstopdf)                    date: 2016-08-21 15:15:30
(epstopdf)                    size: 390007 bytes
(epstopdf)             Output file: <figures/groundtruth/attila_front-eps-conve
rted-to.pdf>
(epstopdf)                    date: 2016-08-21 17:26:15
(epstopdf)                    size: 174112 bytes
(epstopdf)             Command: <repstopdf --outfile=figures/groundtruth/attila
_front-eps-converted-to.pdf figures/groundtruth/attila_front.eps>
(epstopdf)             \includegraphics on input line 285.
Package epstopdf Info: Output file is already uptodate.

<figures/groundtruth/attila_front-eps-converted-to.pdf, id=190, 578.16pt x 433.
62pt>
File: figures/groundtruth/attila_front-eps-converted-to.pdf Graphic file (type 
pdf)
 <use figures/groundtruth/attila_front-eps-converted-to.pdf>
Package pdftex.def Info: figures/groundtruth/attila_front-eps-converted-to.pdf 
used on input line 285.
(pdftex.def)             Requested size: 72.00183pt x 98.39581pt.
Package epstopdf Info: Source file: <figures/groundtruth/exp_gt_front.eps>
(epstopdf)                    date: 2016-08-21 17:22:26
(epstopdf)                    size: 442012 bytes
(epstopdf)             Output file: <figures/groundtruth/exp_gt_front-eps-conve
rted-to.pdf>
(epstopdf)                    date: 2016-08-21 17:28:35
(epstopdf)                    size: 92669 bytes
(epstopdf)             Command: <repstopdf --outfile=figures/groundtruth/exp_gt
_front-eps-converted-to.pdf figures/groundtruth/exp_gt_front.eps>
(epstopdf)             \includegraphics on input line 286.
Package epstopdf Info: Output file is already uptodate.

<figures/groundtruth/exp_gt_front-eps-converted-to.pdf, id=192, 578.16pt x 433.
62pt>
File: figures/groundtruth/exp_gt_front-eps-converted-to.pdf Graphic file (type 
pdf)
 <use figures/groundtruth/exp_gt_front-eps-converted-to.pdf>
Package pdftex.def Info: figures/groundtruth/exp_gt_front-eps-converted-to.pdf 
used on input line 286.
(pdftex.def)             Requested size: 71.99997pt x 98.39581pt.
Package epstopdf Info: Source file: <figures/groundtruth/roth_attila_profile2.e
ps>
(epstopdf)                    date: 2016-08-21 23:36:56
(epstopdf)                    size: 186555 bytes
(epstopdf)             Output file: <figures/groundtruth/roth_attila_profile2-e
ps-converted-to.pdf>
(epstopdf)                    date: 2016-08-21 23:37:11
(epstopdf)                    size: 72210 bytes
(epstopdf)             Command: <repstopdf --outfile=figures/groundtruth/roth_a
ttila_profile2-eps-converted-to.pdf figures/groundtruth/roth_attila_profile2.ep
s>
(epstopdf)             \includegraphics on input line 288.
Package epstopdf Info: Output file is already uptodate.

<figures/groundtruth/roth_attila_profile2-eps-converted-to.pdf, id=194, 578.16p
t x 433.62pt>
File: figures/groundtruth/roth_attila_profile2-eps-converted-to.pdf Graphic fil
e (type pdf)

<use figures/groundtruth/roth_attila_profile2-eps-converted-to.pdf>
Package pdftex.def Info: figures/groundtruth/roth_attila_profile2-eps-converted
-to.pdf used on input line 288.
(pdftex.def)             Requested size: 71.99902pt x 98.39581pt.
Package epstopdf Info: Source file: <figures/groundtruth/attila_profile.eps>
(epstopdf)                    date: 2016-08-21 15:16:14
(epstopdf)                    size: 204806 bytes
(epstopdf)             Output file: <figures/groundtruth/attila_profile-eps-con
verted-to.pdf>
(epstopdf)                    date: 2016-08-21 17:28:37
(epstopdf)                    size: 72909 bytes
(epstopdf)             Command: <repstopdf --outfile=figures/groundtruth/attila
_profile-eps-converted-to.pdf figures/groundtruth/attila_profile.eps>
(epstopdf)             \includegraphics on input line 289.
Package epstopdf Info: Output file is already uptodate.

<figures/groundtruth/attila_profile-eps-converted-to.pdf, id=196, 578.16pt x 43
3.62pt>
File: figures/groundtruth/attila_profile-eps-converted-to.pdf Graphic file (typ
e pdf)
 <use figures/groundtruth/attila_profile-eps-converted-to.pdf>
Package pdftex.def Info: figures/groundtruth/attila_profile-eps-converted-to.pd
f used on input line 289.
(pdftex.def)             Requested size: 72.00183pt x 98.39581pt.
Package epstopdf Info: Source file: <figures/groundtruth/exp_gt_profile.eps>
(epstopdf)                    date: 2016-08-21 17:21:42
(epstopdf)                    size: 220141 bytes
(epstopdf)             Output file: <figures/groundtruth/exp_gt_profile-eps-con
verted-to.pdf>
(epstopdf)                    date: 2016-08-21 17:28:38
(epstopdf)                    size: 82177 bytes
(epstopdf)             Command: <repstopdf --outfile=figures/groundtruth/exp_gt
_profile-eps-converted-to.pdf figures/groundtruth/exp_gt_profile.eps>
(epstopdf)             \includegraphics on input line 290.
Package epstopdf Info: Output file is already uptodate.

<figures/groundtruth/exp_gt_profile-eps-converted-to.pdf, id=198, 578.16pt x 43
3.62pt>
File: figures/groundtruth/exp_gt_profile-eps-converted-to.pdf Graphic file (typ
e pdf)
 <use figures/groundtruth/exp_gt_profile-eps-converted-to.pdf>
Package pdftex.def Info: figures/groundtruth/exp_gt_profile-eps-converted-to.pd
f used on input line 290.
(pdftex.def)             Requested size: 72.00183pt x 98.39868pt.
Package epstopdf Info: Source file: <figures/groundtruth/roth_attila_front.eps>

(epstopdf)                    date: 2016-08-21 23:15:12
(epstopdf)                    size: 1115482 bytes
(epstopdf)             Output file: <figures/groundtruth/roth_attila_front-eps-
converted-to.pdf>
(epstopdf)                    date: 2016-08-21 23:36:27
(epstopdf)                    size: 145952 bytes
(epstopdf)             Command: <repstopdf --outfile=figures/groundtruth/roth_a
ttila_front-eps-converted-to.pdf figures/groundtruth/roth_attila_front.eps>
(epstopdf)             \includegraphics on input line 292.
Package epstopdf Info: Output file is already uptodate.

<figures/groundtruth/roth_attila_front-eps-converted-to.pdf, id=200, 578.16pt x
 433.62pt>
File: figures/groundtruth/roth_attila_front-eps-converted-to.pdf Graphic file (
type pdf)
 <use figures/groundtruth/roth_attila_front-eps-converted-to.pdf>
Package pdftex.def Info: figures/groundtruth/roth_attila_front-eps-converted-to
.pdf used on input line 292.
(pdftex.def)             Requested size: 71.99582pt x 98.39804pt.
Package epstopdf Info: Source file: <figures/groundtruth/exp_front.eps>
(epstopdf)                    date: 2016-08-21 15:13:37
(epstopdf)                    size: 759955 bytes
(epstopdf)             Output file: <figures/groundtruth/exp_front-eps-converte
d-to.pdf>
(epstopdf)                    date: 2016-08-21 17:28:39
(epstopdf)                    size: 231225 bytes
(epstopdf)             Command: <repstopdf --outfile=figures/groundtruth/exp_fr
ont-eps-converted-to.pdf figures/groundtruth/exp_front.eps>
(epstopdf)             \includegraphics on input line 293.
Package epstopdf Info: Output file is already uptodate.

<figures/groundtruth/exp_front-eps-converted-to.pdf, id=202, 578.16pt x 433.62p
t>
File: figures/groundtruth/exp_front-eps-converted-to.pdf Graphic file (type pdf
)
 <use figures/groundtruth/exp_front-eps-converted-to.pdf>
Package pdftex.def Info: figures/groundtruth/exp_front-eps-converted-to.pdf use
d on input line 293.
(pdftex.def)             Requested size: 71.99582pt x 98.39804pt.

<figures/groundtruth/colorbar.png, id=204, 176.66pt x 552.0625pt>
File: figures/groundtruth/colorbar.png Graphic file (type png)

<use figures/groundtruth/colorbar.png>
Package pdftex.def Info: figures/groundtruth/colorbar.png used on input line 29
4.
(pdftex.def)             Requested size: 71.99757pt x 98.39822pt.

Underfull \vbox (badness 2384) has occurred while \output is active []

 [5 <./figures/groundtruth/roth_attila_front2-eps-converted-to.pdf> <./figures/
groundtruth/attila_front-eps-converted-to.pdf> <./figures/groundtruth/exp_gt_fr
ont-eps-converted-to.pdf> <./figures/groundtruth/roth_attila_profile2-eps-conve
rted-to.pdf> <./figures/groundtruth/attila_profile-eps-converted-to.pdf> <./fig
ures/groundtruth/exp_gt_profile-eps-converted-to.pdf> <./figures/groundtruth/ro
th_attila_front-eps-converted-to.pdf> <./figures/groundtruth/exp_front-eps-conv
erted-to.pdf> <./figures/groundtruth/colorbar.png>] (./EGauthorGuidelines-VMV16
-fin.bbl
(./EGauthorGuidelines-VMV16-fin.brf)
\tf@brf=\write3
\openout3 = `EGauthorGuidelines-VMV16-fin.brf'.


Underfull \hbox (badness 3439) in paragraph at lines 70--70
\T1/ptm/m/n/8 con-struc-tion in the wild.  In \T1/ptm/m/it/8 Pro-ceed-ings of t
he 2011 In-ter-
 []


Underfull \hbox (badness 1314) in paragraph at lines 70--70
\T1/ptm/m/it/8 na-tional Con-fer-ence on Com-puter Vi-sion \T1/ptm/m/n/8 (Wash-
ing-ton, DC, USA,
 []


Underfull \hbox (badness 10000) in paragraph at lines 101--101
[][]$\T1/pcr/m/n/8 http : / / dx . doi . org / 10 . 1007 / 978-[]3-[]662-[]0510
5-[]4 _ 2$[][]\T1/ptm/m/n/8 ,
 []


Underfull \hbox (badness 1242) in paragraph at lines 120--120
\T1/ptm/m/sc/8 Rössl C., Sei-del H.-P.\T1/ptm/m/n/8 :  Lapla-cian sur-face edit
-ing.  In \T1/ptm/m/it/8 Pro-
 []


Underfull \hbox (badness 2608) in paragraph at lines 120--120
\T1/ptm/m/it/8 ceed-ings of the 2004 Eu-ro-graph-ics/ACM SIG-GRAPH Sym-po-sium
 []


Underfull \hbox (badness 1147) in paragraph at lines 120--120
\T1/ptm/m/it/8 on Ge-om-e-try Pro-cess-ing \T1/ptm/m/n/8 (New York, NY, USA, 20
04), SGP '04,
 []


Underfull \hbox (badness 6110) in paragraph at lines 128--128
[]\T1/ptm/m/sc/8 Suwajanakorn S., Kemelmacher-Shlizerman I.,
 []


Underfull \hbox (badness 3557) in paragraph at lines 128--128
\T1/pcr/m/n/8 dx . doi . org / 10 . 1007 / 978-[]3-[]319-[]10593-[]2 _ 52$[][]\
T1/ptm/m/n/8 , [][]$\T1/pcr/m/n/8 doi : 10 .
 []


Underfull \hbox (badness 1874) in paragraph at lines 143--143
\T1/ptm/m/n/8 performance-based fa-cial an-i-ma-tion.  \T1/ptm/m/it/8 ACM Trans
. Graph. 30\T1/ptm/m/n/8 , 4
 []

) <figures/exp/cf_front.jpg, id=350, 204.765pt x 281.05pt>
File: figures/exp/cf_front.jpg Graphic file (type jpg)

<use figures/exp/cf_front.jpg>
Package pdftex.def Info: figures/exp/cf_front.jpg used on input line 356.
(pdftex.def)             Requested size: 75.59625pt x 105.84563pt.
Package epstopdf Info: Source file: <figures/exp/roth_cf_front.eps>
(epstopdf)                    date: 2016-08-21 22:33:51
(epstopdf)                    size: 351330 bytes
(epstopdf)             Output file: <figures/exp/roth_cf_front-eps-converted-to
.pdf>
(epstopdf)                    date: 2016-08-21 22:34:55
(epstopdf)                    size: 135326 bytes
(epstopdf)             Command: <repstopdf --outfile=figures/exp/roth_cf_front-
eps-converted-to.pdf figures/exp/roth_cf_front.eps>
(epstopdf)             \includegraphics on input line 357.
Package epstopdf Info: Output file is already uptodate.

<figures/exp/roth_cf_front-eps-converted-to.pdf, id=351, 578.16pt x 433.62pt>
File: figures/exp/roth_cf_front-eps-converted-to.pdf Graphic file (type pdf)

<use figures/exp/roth_cf_front-eps-converted-to.pdf>
Package pdftex.def Info: figures/exp/roth_cf_front-eps-converted-to.pdf used on
 input line 357.
(pdftex.def)             Requested size: 75.59476pt x 105.84183pt.
Package epstopdf Info: Source file: <figures/exp/cf_front.eps>
(epstopdf)                    date: 2016-08-20 21:12:40
(epstopdf)                    size: 371129 bytes
(epstopdf)             Output file: <figures/exp/cf_front-eps-converted-to.pdf>

(epstopdf)             Command: <repstopdf --outfile=figures/exp/cf_front-eps-c
onverted-to.pdf figures/exp/cf_front.eps>
(epstopdf)             \includegraphics on input line 358.
runsystem(repstopdf --outfile=figures/exp/cf_front-eps-converted-to.pdf figures
/exp/cf_front.eps)...executed safely (allowed).

Package epstopdf Info: Result file: <figures/exp/cf_front-eps-converted-to.pdf>

(epstopdf)                    date: 2016-08-31 11:08:26
(epstopdf)                    size: 160047 bytes.

<figures/exp/cf_front-eps-converted-to.pdf, id=353, 578.16pt x 433.62pt>
File: figures/exp/cf_front-eps-converted-to.pdf Graphic file (type pdf)

<use figures/exp/cf_front-eps-converted-to.pdf>
Package pdftex.def Info: figures/exp/cf_front-eps-converted-to.pdf used on inpu
t line 358.
(pdftex.def)             Requested size: 75.59476pt x 105.84183pt.

<figures/exp/cf_profile.jpg, id=355, 303.1325pt x 409.53pt>
File: figures/exp/cf_profile.jpg Graphic file (type jpg)

<use figures/exp/cf_profile.jpg>
Package pdftex.def Info: figures/exp/cf_profile.jpg used on input line 359.
(pdftex.def)             Requested size: 75.59792pt x 105.84085pt.
Package epstopdf Info: Source file: <figures/exp/roth_cf_profile.eps>
(epstopdf)                    date: 2016-08-21 22:34:03
(epstopdf)                    size: 186977 bytes
(epstopdf)             Output file: <figures/exp/roth_cf_profile-eps-converted-
to.pdf>
(epstopdf)                    date: 2016-08-21 22:37:31
(epstopdf)                    size: 105737 bytes
(epstopdf)             Command: <repstopdf --outfile=figures/exp/roth_cf_profil
e-eps-converted-to.pdf figures/exp/roth_cf_profile.eps>
(epstopdf)             \includegraphics on input line 360.
Package epstopdf Info: Output file is already uptodate.

<figures/exp/roth_cf_profile-eps-converted-to.pdf, id=356, 578.16pt x 433.62pt>
File: figures/exp/roth_cf_profile-eps-converted-to.pdf Graphic file (type pdf)
<use figures/exp/roth_cf_profile-eps-converted-to.pdf>
Package pdftex.def Info: figures/exp/roth_cf_profile-eps-converted-to.pdf used 
on input line 360.
(pdftex.def)             Requested size: 75.59705pt x 105.84003pt.
Package epstopdf Info: Source file: <figures/exp/cf_profile.eps>
(epstopdf)                    date: 2016-08-20 21:13:11
(epstopdf)                    size: 203700 bytes
(epstopdf)             Output file: <figures/exp/cf_profile-eps-converted-to.pd
f>
(epstopdf)                    date: 2016-08-21 16:22:57
(epstopdf)                    size: 76038 bytes
(epstopdf)             Command: <repstopdf --outfile=figures/exp/cf_profile-eps
-converted-to.pdf figures/exp/cf_profile.eps>
(epstopdf)             \includegraphics on input line 361.
Package epstopdf Info: Output file is already uptodate.

<figures/exp/cf_profile-eps-converted-to.pdf, id=358, 578.16pt x 433.62pt>
File: figures/exp/cf_profile-eps-converted-to.pdf Graphic file (type pdf)

<use figures/exp/cf_profile-eps-converted-to.pdf>
Package pdftex.def Info: figures/exp/cf_profile-eps-converted-to.pdf used on in
put line 361.
(pdftex.def)             Requested size: 75.59315pt x 105.84183pt.

<figures/exp/ed_front.jpg, id=360, 244.915pt x 335.2525pt>
File: figures/exp/ed_front.jpg Graphic file (type jpg)

<use figures/exp/ed_front.jpg>
Package pdftex.def Info: figures/exp/ed_front.jpg used on input line 363.
(pdftex.def)             Requested size: 75.594pt x 105.84003pt.
Package epstopdf Info: Source file: <figures/exp/roth_ed_front.eps>
(epstopdf)                    date: 2016-08-21 22:04:45
(epstopdf)                    size: 336514 bytes
(epstopdf)             Output file: <figures/exp/roth_ed_front-eps-converted-to
.pdf>
(epstopdf)                    date: 2016-08-21 22:09:22
(epstopdf)                    size: 179095 bytes
(epstopdf)             Command: <repstopdf --outfile=figures/exp/roth_ed_front-
eps-converted-to.pdf figures/exp/roth_ed_front.eps>
(epstopdf)             \includegraphics on input line 364.
Package epstopdf Info: Output file is already uptodate.

<figures/exp/roth_ed_front-eps-converted-to.pdf, id=361, 578.16pt x 433.62pt>
File: figures/exp/roth_ed_front-eps-converted-to.pdf Graphic file (type pdf)

<use figures/exp/roth_ed_front-eps-converted-to.pdf>
Package pdftex.def Info: figures/exp/roth_ed_front-eps-converted-to.pdf used on
 input line 364.
(pdftex.def)             Requested size: 75.59315pt x 105.84003pt.
Package epstopdf Info: Source file: <figures/exp/ed_front.eps>
(epstopdf)                    date: 2016-08-21 11:48:57
(epstopdf)                    size: 357565 bytes
(epstopdf)             Output file: <figures/exp/ed_front-eps-converted-to.pdf>

(epstopdf)                    date: 2016-08-21 16:24:28
(epstopdf)                    size: 107676 bytes
(epstopdf)             Command: <repstopdf --outfile=figures/exp/ed_front-eps-c
onverted-to.pdf figures/exp/ed_front.eps>
(epstopdf)             \includegraphics on input line 365.
Package epstopdf Info: Output file is already uptodate.

<figures/exp/ed_front-eps-converted-to.pdf, id=363, 578.16pt x 433.62pt>
File: figures/exp/ed_front-eps-converted-to.pdf Graphic file (type pdf)

<use figures/exp/ed_front-eps-converted-to.pdf>
Package pdftex.def Info: figures/exp/ed_front-eps-converted-to.pdf used on inpu
t line 365.
(pdftex.def)             Requested size: 75.59315pt x 105.84183pt.

<figures/exp/ed_profile.jpg, id=365, 372.39125pt x 498.86375pt>
File: figures/exp/ed_profile.jpg Graphic file (type jpg)

<use figures/exp/ed_profile.jpg>
Package pdftex.def Info: figures/exp/ed_profile.jpg used on input line 366.
(pdftex.def)             Requested size: 75.59633pt x 105.83678pt.
Package epstopdf Info: Source file: <figures/exp/roth_ed_profile.eps>
(epstopdf)                    date: 2016-08-21 22:05:08
(epstopdf)                    size: 192110 bytes
(epstopdf)             Output file: <figures/exp/roth_ed_profile-eps-converted-
to.pdf>
(epstopdf)                    date: 2016-08-21 22:13:08
(epstopdf)                    size: 99112 bytes
(epstopdf)             Command: <repstopdf --outfile=figures/exp/roth_ed_profil
e-eps-converted-to.pdf figures/exp/roth_ed_profile.eps>
(epstopdf)             \includegraphics on input line 367.
Package epstopdf Info: Output file is already uptodate.

<figures/exp/roth_ed_profile-eps-converted-to.pdf, id=366, 578.16pt x 433.62pt>
File: figures/exp/roth_ed_profile-eps-converted-to.pdf Graphic file (type pdf)
<use figures/exp/roth_ed_profile-eps-converted-to.pdf>
Package pdftex.def Info: figures/exp/roth_ed_profile-eps-converted-to.pdf used 
on input line 367.
(pdftex.def)             Requested size: 75.59705pt x 105.84003pt.
Package epstopdf Info: Source file: <figures/exp/ed_profile.eps>
(epstopdf)                    date: 2016-08-21 11:49:45
(epstopdf)                    size: 206899 bytes
(epstopdf)             Output file: <figures/exp/ed_profile-eps-converted-to.pd
f>
(epstopdf)                    date: 2016-08-21 16:24:29
(epstopdf)                    size: 106333 bytes
(epstopdf)             Command: <repstopdf --outfile=figures/exp/ed_profile-eps
-converted-to.pdf figures/exp/ed_profile.eps>
(epstopdf)             \includegraphics on input line 368.
Package epstopdf Info: Output file is already uptodate.

<figures/exp/ed_profile-eps-converted-to.pdf, id=368, 578.16pt x 433.62pt>
File: figures/exp/ed_profile-eps-converted-to.pdf Graphic file (type pdf)

<use figures/exp/ed_profile-eps-converted-to.pdf>
Package pdftex.def Info: figures/exp/ed_profile-eps-converted-to.pdf used on in
put line 368.
(pdftex.def)             Requested size: 75.59315pt x 105.84183pt.

<figures/exp/gc_front.jpg, id=370, 400.49625pt x 529.98pt>
File: figures/exp/gc_front.jpg Graphic file (type jpg)

<use figures/exp/gc_front.jpg>
Package pdftex.def Info: figures/exp/gc_front.jpg used on input line 370.
(pdftex.def)             Requested size: 75.59396pt x 105.83765pt.
Package epstopdf Info: Source file: <figures/exp/roth_gc_front.eps>
(epstopdf)                    date: 2016-08-21 23:51:01
(epstopdf)                    size: 349825 bytes
(epstopdf)             Output file: <figures/exp/roth_gc_front-eps-converted-to
.pdf>
(epstopdf)                    date: 2016-08-21 23:51:31
(epstopdf)                    size: 105740 bytes
(epstopdf)             Command: <repstopdf --outfile=figures/exp/roth_gc_front-
eps-converted-to.pdf figures/exp/roth_gc_front.eps>
(epstopdf)             \includegraphics on input line 371.
Package epstopdf Info: Output file is already uptodate.

<figures/exp/roth_gc_front-eps-converted-to.pdf, id=371, 578.16pt x 433.62pt>
File: figures/exp/roth_gc_front-eps-converted-to.pdf Graphic file (type pdf)

<use figures/exp/roth_gc_front-eps-converted-to.pdf>
Package pdftex.def Info: figures/exp/roth_gc_front-eps-converted-to.pdf used on
 input line 371.
(pdftex.def)             Requested size: 75.59315pt x 105.84183pt.
Package epstopdf Info: Source file: <figures/exp/gc_front.eps>
(epstopdf)                    date: 2016-08-20 19:54:20
(epstopdf)                    size: 368978 bytes
(epstopdf)             Output file: <figures/exp/gc_front-eps-converted-to.pdf>

(epstopdf)                    date: 2016-08-21 16:26:06
(epstopdf)                    size: 110143 bytes
(epstopdf)             Command: <repstopdf --outfile=figures/exp/gc_front-eps-c
onverted-to.pdf figures/exp/gc_front.eps>
(epstopdf)             \includegraphics on input line 372.
Package epstopdf Info: Output file is already uptodate.

<figures/exp/gc_front-eps-converted-to.pdf, id=373, 578.16pt x 433.62pt>
File: figures/exp/gc_front-eps-converted-to.pdf Graphic file (type pdf)

<use figures/exp/gc_front-eps-converted-to.pdf>
Package pdftex.def Info: figures/exp/gc_front-eps-converted-to.pdf used on inpu
t line 372.
(pdftex.def)             Requested size: 75.59315pt x 105.84183pt.

<figures/exp/gc_profile.jpg, id=375, 130.4875pt x 160.6pt>
File: figures/exp/gc_profile.jpg Graphic file (type jpg)

<use figures/exp/gc_profile.jpg>
Package pdftex.def Info: figures/exp/gc_profile.jpg used on input line 373.
(pdftex.def)             Requested size: 75.59717pt x 105.84471pt.
Package epstopdf Info: Source file: <figures/exp/roth_gc_profile.eps>
(epstopdf)                    date: 2016-08-21 22:22:36
(epstopdf)                    size: 185390 bytes
(epstopdf)             Output file: <figures/exp/roth_gc_profile-eps-converted-
to.pdf>
(epstopdf)                    date: 2016-08-21 22:34:57
(epstopdf)                    size: 104275 bytes
(epstopdf)             Command: <repstopdf --outfile=figures/exp/roth_gc_profil
e-eps-converted-to.pdf figures/exp/roth_gc_profile.eps>
(epstopdf)             \includegraphics on input line 374.
Package epstopdf Info: Output file is already uptodate.

<figures/exp/roth_gc_profile-eps-converted-to.pdf, id=376, 578.16pt x 433.62pt>
File: figures/exp/roth_gc_profile-eps-converted-to.pdf Graphic file (type pdf)
<use figures/exp/roth_gc_profile-eps-converted-to.pdf>
Package pdftex.def Info: figures/exp/roth_gc_profile-eps-converted-to.pdf used 
on input line 374.
(pdftex.def)             Requested size: 75.59705pt x 105.84183pt.
Package epstopdf Info: Source file: <figures/exp/gc_profile.eps>
(epstopdf)                    date: 2016-08-20 19:54:35
(epstopdf)                    size: 200400 bytes
(epstopdf)             Output file: <figures/exp/gc_profile-eps-converted-to.pd
f>
(epstopdf)                    date: 2016-08-21 16:26:08
(epstopdf)                    size: 112057 bytes
(epstopdf)             Command: <repstopdf --outfile=figures/exp/gc_profile-eps
-converted-to.pdf figures/exp/gc_profile.eps>
(epstopdf)             \includegraphics on input line 375.
Package epstopdf Info: Output file is already uptodate.

<figures/exp/gc_profile-eps-converted-to.pdf, id=378, 578.16pt x 433.62pt>
File: figures/exp/gc_profile-eps-converted-to.pdf Graphic file (type pdf)

<use figures/exp/gc_profile-eps-converted-to.pdf>
Package pdftex.def Info: figures/exp/gc_profile-eps-converted-to.pdf used on in
put line 375.
(pdftex.def)             Requested size: 75.59476pt x 105.84183pt.

<figures/exp/tc_front.jpg, id=380, 137.51375pt x 186.6975pt>
File: figures/exp/tc_front.jpg Graphic file (type jpg)

<use figures/exp/tc_front.jpg>
Package pdftex.def Info: figures/exp/tc_front.jpg used on input line 378.
(pdftex.def)             Requested size: 75.59921pt x 105.84206pt.
Package epstopdf Info: Source file: <figures/exp/roth_tc_front.eps>
(epstopdf)                    date: 2016-08-21 22:25:24
(epstopdf)                    size: 342978 bytes
(epstopdf)             Output file: <figures/exp/roth_tc_front-eps-converted-to
.pdf>
(epstopdf)                    date: 2016-08-21 22:34:58
(epstopdf)                    size: 151718 bytes
(epstopdf)             Command: <repstopdf --outfile=figures/exp/roth_tc_front-
eps-converted-to.pdf figures/exp/roth_tc_front.eps>
(epstopdf)             \includegraphics on input line 379.
Package epstopdf Info: Output file is already uptodate.

<figures/exp/roth_tc_front-eps-converted-to.pdf, id=381, 578.16pt x 433.62pt>
File: figures/exp/roth_tc_front-eps-converted-to.pdf Graphic file (type pdf)

<use figures/exp/roth_tc_front-eps-converted-to.pdf>
Package pdftex.def Info: figures/exp/roth_tc_front-eps-converted-to.pdf used on
 input line 379.
(pdftex.def)             Requested size: 75.59315pt x 105.84003pt.
Package epstopdf Info: Source file: <figures/exp/tc_front.eps>
(epstopdf)                    date: 2016-08-21 11:13:51
(epstopdf)                    size: 358217 bytes
(epstopdf)             Output file: <figures/exp/tc_front-eps-converted-to.pdf>

(epstopdf)                    date: 2016-08-21 16:26:42
(epstopdf)                    size: 156921 bytes
(epstopdf)             Command: <repstopdf --outfile=figures/exp/tc_front-eps-c
onverted-to.pdf figures/exp/tc_front.eps>
(epstopdf)             \includegraphics on input line 380.
Package epstopdf Info: Output file is already uptodate.

<figures/exp/tc_front-eps-converted-to.pdf, id=383, 578.16pt x 433.62pt>
File: figures/exp/tc_front-eps-converted-to.pdf Graphic file (type pdf)

<use figures/exp/tc_front-eps-converted-to.pdf>
Package pdftex.def Info: figures/exp/tc_front-eps-converted-to.pdf used on inpu
t line 380.
(pdftex.def)             Requested size: 75.59315pt x 105.84183pt.

<figures/exp/tc_profile.jpg, id=385, 370.38374pt x 510.90875pt>
File: figures/exp/tc_profile.jpg Graphic file (type jpg)

<use figures/exp/tc_profile.jpg>
Package pdftex.def Info: figures/exp/tc_profile.jpg used on input line 381.
(pdftex.def)             Requested size: 75.5957pt x 105.83838pt.
Package epstopdf Info: Source file: <figures/exp/roth_tc_profile.eps>
(epstopdf)                    date: 2016-08-21 22:25:41
(epstopdf)                    size: 187461 bytes
(epstopdf)             Output file: <figures/exp/roth_tc_profile-eps-converted-
to.pdf>
(epstopdf)                    date: 2016-08-21 22:36:26
(epstopdf)                    size: 106817 bytes
(epstopdf)             Command: <repstopdf --outfile=figures/exp/roth_tc_profil
e-eps-converted-to.pdf figures/exp/roth_tc_profile.eps>
(epstopdf)             \includegraphics on input line 382.
Package epstopdf Info: Output file is already uptodate.

<figures/exp/roth_tc_profile-eps-converted-to.pdf, id=386, 578.16pt x 433.62pt>
File: figures/exp/roth_tc_profile-eps-converted-to.pdf Graphic file (type pdf)
<use figures/exp/roth_tc_profile-eps-converted-to.pdf>
Package pdftex.def Info: figures/exp/roth_tc_profile-eps-converted-to.pdf used 
on input line 382.
(pdftex.def)             Requested size: 75.59476pt x 105.84183pt.
Package epstopdf Info: Source file: <figures/exp/tc_profile.eps>
(epstopdf)                    date: 2016-08-21 11:14:28
(epstopdf)                    size: 190839 bytes
(epstopdf)             Output file: <figures/exp/tc_profile-eps-converted-to.pd
f>
(epstopdf)                    date: 2016-08-21 16:26:43
(epstopdf)                    size: 65762 bytes
(epstopdf)             Command: <repstopdf --outfile=figures/exp/tc_profile-eps
-converted-to.pdf figures/exp/tc_profile.eps>
(epstopdf)             \includegraphics on input line 383.
Package epstopdf Info: Output file is already uptodate.

<figures/exp/tc_profile-eps-converted-to.pdf, id=388, 578.16pt x 433.62pt>
File: figures/exp/tc_profile-eps-converted-to.pdf Graphic file (type pdf)

<use figures/exp/tc_profile-eps-converted-to.pdf>
Package pdftex.def Info: figures/exp/tc_profile-eps-converted-to.pdf used on in
put line 383.
(pdftex.def)             Requested size: 75.59476pt x 105.84183pt.

<figures/exp/wm_front.jpg, id=390, 281.05pt x 350.30875pt>
File: figures/exp/wm_front.jpg Graphic file (type jpg)

<use figures/exp/wm_front.jpg>
Package pdftex.def Info: figures/exp/wm_front.jpg used on input line 385.
(pdftex.def)             Requested size: 75.59718pt x 105.84305pt.
Package epstopdf Info: Source file: <figures/exp/roth_wm_front.eps>
(epstopdf)                    date: 2016-08-21 22:30:10
(epstopdf)                    size: 345943 bytes
(epstopdf)             Output file: <figures/exp/roth_wm_front-eps-converted-to
.pdf>
(epstopdf)                    date: 2016-08-21 22:36:28
(epstopdf)                    size: 232326 bytes
(epstopdf)             Command: <repstopdf --outfile=figures/exp/roth_wm_front-
eps-converted-to.pdf figures/exp/roth_wm_front.eps>
(epstopdf)             \includegraphics on input line 386.
Package epstopdf Info: Output file is already uptodate.

<figures/exp/roth_wm_front-eps-converted-to.pdf, id=391, 578.16pt x 433.62pt>
File: figures/exp/roth_wm_front-eps-converted-to.pdf Graphic file (type pdf)

<use figures/exp/roth_wm_front-eps-converted-to.pdf>
Package pdftex.def Info: figures/exp/roth_wm_front-eps-converted-to.pdf used on
 input line 386.
(pdftex.def)             Requested size: 75.59315pt x 105.84183pt.
Package epstopdf Info: Source file: <figures/exp/wm_front.eps>
(epstopdf)                    date: 2016-08-21 09:35:07
(epstopdf)                    size: 355286 bytes
(epstopdf)             Output file: <figures/exp/wm_front-eps-converted-to.pdf>

(epstopdf)                    date: 2016-08-21 16:27:47
(epstopdf)                    size: 107869 bytes
(epstopdf)             Command: <repstopdf --outfile=figures/exp/wm_front-eps-c
onverted-to.pdf figures/exp/wm_front.eps>
(epstopdf)             \includegraphics on input line 387.
Package epstopdf Info: Output file is already uptodate.

<figures/exp/wm_front-eps-converted-to.pdf, id=393, 578.16pt x 433.62pt>
File: figures/exp/wm_front-eps-converted-to.pdf Graphic file (type pdf)

<use figures/exp/wm_front-eps-converted-to.pdf>
Package pdftex.def Info: figures/exp/wm_front-eps-converted-to.pdf used on inpu
t line 387.
(pdftex.def)             Requested size: 75.59315pt x 105.84183pt.

<figures/exp/wm_profile.jpg, id=395, 182.6825pt x 231.86626pt>
File: figures/exp/wm_profile.jpg Graphic file (type jpg)

<use figures/exp/wm_profile.jpg>
Package pdftex.def Info: figures/exp/wm_profile.jpg used on input line 388.
(pdftex.def)             Requested size: 75.59717pt x 105.84152pt.
Package epstopdf Info: Source file: <figures/exp/roth_wm_profile.eps>
(epstopdf)                    date: 2016-08-21 22:30:21
(epstopdf)                    size: 184058 bytes
(epstopdf)             Output file: <figures/exp/roth_wm_profile-eps-converted-
to.pdf>
(epstopdf)                    date: 2016-08-21 22:36:29
(epstopdf)                    size: 100396 bytes
(epstopdf)             Command: <repstopdf --outfile=figures/exp/roth_wm_profil
e-eps-converted-to.pdf figures/exp/roth_wm_profile.eps>
(epstopdf)             \includegraphics on input line 389.
Package epstopdf Info: Output file is already uptodate.

<figures/exp/roth_wm_profile-eps-converted-to.pdf, id=396, 578.16pt x 433.62pt>
File: figures/exp/roth_wm_profile-eps-converted-to.pdf Graphic file (type pdf)
<use figures/exp/roth_wm_profile-eps-converted-to.pdf>
Package pdftex.def Info: figures/exp/roth_wm_profile-eps-converted-to.pdf used 
on input line 389.
(pdftex.def)             Requested size: 75.59705pt x 100.7959pt.
Package epstopdf Info: Source file: <figures/exp/wm_profile.eps>
(epstopdf)                    date: 2016-08-21 09:35:43
(epstopdf)                    size: 207594 bytes
(epstopdf)             Output file: <figures/exp/wm_profile-eps-converted-to.pd
f>
(epstopdf)                    date: 2016-08-21 16:29:08
(epstopdf)                    size: 87778 bytes
(epstopdf)             Command: <repstopdf --outfile=figures/exp/wm_profile-eps
-converted-to.pdf figures/exp/wm_profile.eps>
(epstopdf)             \includegraphics on input line 390.
Package epstopdf Info: Output file is already uptodate.

<figures/exp/wm_profile-eps-converted-to.pdf, id=398, 578.16pt x 433.62pt>
File: figures/exp/wm_profile-eps-converted-to.pdf Graphic file (type pdf)

<use figures/exp/wm_profile-eps-converted-to.pdf>
Package pdftex.def Info: figures/exp/wm_profile-eps-converted-to.pdf used on in
put line 390.
(pdftex.def)             Requested size: 79.82973pt x 105.84338pt.

Underfull \hbox (badness 10000) in paragraph at lines 395--395

 []

File: figures/teaser/bw_front.jpg Graphic file (type jpg)
<use figures/teaser/bw_front.jpg>
Package pdftex.def Info: figures/teaser/bw_front.jpg used on input line 402.
(pdftex.def)             Requested size: 75.60037pt x 105.84227pt.

<figures/teaser/bw_roth_front.png, id=404, 405.515pt x 507.8975pt>
File: figures/teaser/bw_roth_front.png Graphic file (type png)

<use figures/teaser/bw_roth_front.png>
Package pdftex.def Info: figures/teaser/bw_roth_front.png used on input line 40
3.
(pdftex.def)             Requested size: 80.63748pt x 105.84238pt.
Package epstopdf Info: Source file: <figures/teaser/roth_bw_front.eps>
(epstopdf)                    date: 2016-08-21 22:09:58
(epstopdf)                    size: 335913 bytes
(epstopdf)             Output file: <figures/teaser/roth_bw_front-eps-converted
-to.pdf>
(epstopdf)                    date: 2016-08-21 22:18:55
(epstopdf)                    size: 133394 bytes
(epstopdf)             Command: <repstopdf --outfile=figures/teaser/roth_bw_fro
nt-eps-converted-to.pdf figures/teaser/roth_bw_front.eps>
(epstopdf)             \includegraphics on input line 404.
Package epstopdf Info: Output file is already uptodate.
File: figures/teaser/roth_bw_front-eps-converted-to.pdf Graphic file (type pdf)


<use figures/teaser/roth_bw_front-eps-converted-to.pdf>
Package pdftex.def Info: figures/teaser/roth_bw_front-eps-converted-to.pdf used
 on input line 404.
(pdftex.def)             Requested size: 80.64214pt x 105.84183pt.
File: figures/teaser/bw_profile.jpg Graphic file (type jpg)

<use figures/teaser/bw_profile.jpg>
Package pdftex.def Info: figures/teaser/bw_profile.jpg used on input line 405.
(pdftex.def)             Requested size: 75.59975pt x 105.84207pt.

<figures/teaser/bw_roth_profile.png, id=406, 212.795pt x 314.17375pt>
File: figures/teaser/bw_roth_profile.png Graphic file (type png)

<use figures/teaser/bw_roth_profile.png>
Package pdftex.def Info: figures/teaser/bw_roth_profile.png used on input line 
406.
(pdftex.def)             Requested size: 75.59631pt x 105.84485pt.
Package epstopdf Info: Source file: <figures/teaser/bw_profile.eps>
(epstopdf)                    date: 2016-08-20 17:19:16
(epstopdf)                    size: 204493 bytes
(epstopdf)             Output file: <figures/teaser/bw_profile-eps-converted-to
.pdf>
(epstopdf)                    date: 2016-08-21 16:18:42
(epstopdf)                    size: 84779 bytes
(epstopdf)             Command: <repstopdf --outfile=figures/teaser/bw_profile-
eps-converted-to.pdf figures/teaser/bw_profile.eps>
(epstopdf)             \includegraphics on input line 407.
Package epstopdf Info: Output file is already uptodate.
File: figures/teaser/bw_profile-eps-converted-to.pdf Graphic file (type pdf)

<use figures/teaser/bw_profile-eps-converted-to.pdf>
Package pdftex.def Info: figures/teaser/bw_profile-eps-converted-to.pdf used on
 input line 407.
(pdftex.def)             Requested size: 77.58731pt x 105.84338pt.
File: figures/exp/cf_front.jpg Graphic file (type jpg)

<use figures/exp/cf_front.jpg>
Package pdftex.def Info: figures/exp/cf_front.jpg used on input line 409.
(pdftex.def)             Requested size: 75.59625pt x 105.84563pt.
Package epstopdf Info: Source file: <figures/exp/cf_roth_front.eps>
(epstopdf)                    date: 2016-08-21 20:57:33
(epstopdf)                    size: 363113 bytes
(epstopdf)             Output file: <figures/exp/cf_roth_front-eps-converted-to
.pdf>
(epstopdf)                    date: 2016-08-21 20:59:10
(epstopdf)                    size: 190680 bytes
(epstopdf)             Command: <repstopdf --outfile=figures/exp/cf_roth_front-
eps-converted-to.pdf figures/exp/cf_roth_front.eps>
(epstopdf)             \includegraphics on input line 410.
Package epstopdf Info: Output file is already uptodate.

<figures/exp/cf_roth_front-eps-converted-to.pdf, id=408, 578.16pt x 433.62pt>
File: figures/exp/cf_roth_front-eps-converted-to.pdf Graphic file (type pdf)

<use figures/exp/cf_roth_front-eps-converted-to.pdf>
Package pdftex.def Info: figures/exp/cf_roth_front-eps-converted-to.pdf used on
 input line 410.
(pdftex.def)             Requested size: 77.58731pt x 105.84338pt.
Package epstopdf Info: Source file: <figures/exp/cf_front.eps>
(epstopdf)                    date: 2016-08-20 21:12:40
(epstopdf)                    size: 371129 bytes
(epstopdf)             Output file: <figures/exp/cf_front-eps-converted-to.pdf>

(epstopdf)                    date: 2016-08-31 11:08:26
(epstopdf)                    size: 160047 bytes
(epstopdf)             Command: <repstopdf --outfile=figures/exp/cf_front-eps-c
onverted-to.pdf figures/exp/cf_front.eps>
(epstopdf)             \includegraphics on input line 411.
Package epstopdf Info: Output file is already uptodate.
File: figures/exp/cf_front-eps-converted-to.pdf Graphic file (type pdf)

<use figures/exp/cf_front-eps-converted-to.pdf>
Package pdftex.def Info: figures/exp/cf_front-eps-converted-to.pdf used on inpu
t line 411.
(pdftex.def)             Requested size: 75.59476pt x 105.84183pt.
File: figures/exp/cf_profile.jpg Graphic file (type jpg)

<use figures/exp/cf_profile.jpg>
Package pdftex.def Info: figures/exp/cf_profile.jpg used on input line 412.
(pdftex.def)             Requested size: 75.59792pt x 105.84085pt.

<figures/exp/cf_roth_profile.png, id=411, 322.20375pt x 415.5525pt>
File: figures/exp/cf_roth_profile.png Graphic file (type png)

<use figures/exp/cf_roth_profile.png>
Package pdftex.def Info: figures/exp/cf_roth_profile.png used on input line 413
.
(pdftex.def)             Requested size: 75.59497pt x 105.84229pt.
Package epstopdf Info: Source file: <figures/exp/cf_profile.eps>
(epstopdf)                    date: 2016-08-20 21:13:11
(epstopdf)                    size: 203700 bytes
(epstopdf)             Output file: <figures/exp/cf_profile-eps-converted-to.pd
f>
(epstopdf)                    date: 2016-08-21 16:22:57
(epstopdf)                    size: 76038 bytes
(epstopdf)             Command: <repstopdf --outfile=figures/exp/cf_profile-eps
-converted-to.pdf figures/exp/cf_profile.eps>
(epstopdf)             \includegraphics on input line 414.
Package epstopdf Info: Output file is already uptodate.
File: figures/exp/cf_profile-eps-converted-to.pdf Graphic file (type pdf)

<use figures/exp/cf_profile-eps-converted-to.pdf>
Package pdftex.def Info: figures/exp/cf_profile-eps-converted-to.pdf used on in
put line 414.
(pdftex.def)             Requested size: 75.59315pt x 105.84183pt.
File: figures/exp/ed_front.jpg Graphic file (type jpg)

<use figures/exp/ed_front.jpg>
Package pdftex.def Info: figures/exp/ed_front.jpg used on input line 416.
(pdftex.def)             Requested size: 75.594pt x 105.84003pt.
Package epstopdf Info: Source file: <figures/exp/ed_roth_front.eps>
(epstopdf)                    date: 2016-08-21 20:51:51
(epstopdf)                    size: 362313 bytes
(epstopdf)             Output file: <figures/exp/ed_roth_front-eps-converted-to
.pdf>
(epstopdf)                    date: 2016-08-21 20:52:27
(epstopdf)                    size: 116149 bytes
(epstopdf)             Command: <repstopdf --outfile=figures/exp/ed_roth_front-
eps-converted-to.pdf figures/exp/ed_roth_front.eps>
(epstopdf)             \includegraphics on input line 417.
Package epstopdf Info: Output file is already uptodate.

<figures/exp/ed_roth_front-eps-converted-to.pdf, id=413, 578.16pt x 433.62pt>
File: figures/exp/ed_roth_front-eps-converted-to.pdf Graphic file (type pdf)

<use figures/exp/ed_roth_front-eps-converted-to.pdf>
Package pdftex.def Info: figures/exp/ed_roth_front-eps-converted-to.pdf used on
 input line 417.
(pdftex.def)             Requested size: 75.59315pt x 105.84003pt.
Package epstopdf Info: Source file: <figures/exp/ed_front.eps>
(epstopdf)                    date: 2016-08-21 11:48:57
(epstopdf)                    size: 357565 bytes
(epstopdf)             Output file: <figures/exp/ed_front-eps-converted-to.pdf>

(epstopdf)                    date: 2016-08-21 16:24:28
(epstopdf)                    size: 107676 bytes
(epstopdf)             Command: <repstopdf --outfile=figures/exp/ed_front-eps-c
onverted-to.pdf figures/exp/ed_front.eps>
(epstopdf)             \includegraphics on input line 418.
Package epstopdf Info: Output file is already uptodate.
File: figures/exp/ed_front-eps-converted-to.pdf Graphic file (type pdf)

<use figures/exp/ed_front-eps-converted-to.pdf>
Package pdftex.def Info: figures/exp/ed_front-eps-converted-to.pdf used on inpu
t line 418.
(pdftex.def)             Requested size: 75.59315pt x 105.84183pt.
File: figures/exp/ed_profile.jpg Graphic file (type jpg)

<use figures/exp/ed_profile.jpg>
Package pdftex.def Info: figures/exp/ed_profile.jpg used on input line 419.
(pdftex.def)             Requested size: 75.59633pt x 105.83678pt.

<figures/exp/ed_roth_profile.png, id=416, 201.75375pt x 297.11pt>
File: figures/exp/ed_roth_profile.png Graphic file (type png)

<use figures/exp/ed_roth_profile.png>
Package pdftex.def Info: figures/exp/ed_roth_profile.png used on input line 420
.
(pdftex.def)             Requested size: 75.59589pt x 105.84262pt.
Package epstopdf Info: Source file: <figures/exp/ed_profile.eps>
(epstopdf)                    date: 2016-08-21 11:49:45
(epstopdf)                    size: 206899 bytes
(epstopdf)             Output file: <figures/exp/ed_profile-eps-converted-to.pd
f>
(epstopdf)                    date: 2016-08-21 16:24:29
(epstopdf)                    size: 106333 bytes
(epstopdf)             Command: <repstopdf --outfile=figures/exp/ed_profile-eps
-converted-to.pdf figures/exp/ed_profile.eps>
(epstopdf)             \includegraphics on input line 421.
Package epstopdf Info: Output file is already uptodate.
File: figures/exp/ed_profile-eps-converted-to.pdf Graphic file (type pdf)

<use figures/exp/ed_profile-eps-converted-to.pdf>
Package pdftex.def Info: figures/exp/ed_profile-eps-converted-to.pdf used on in
put line 421.
(pdftex.def)             Requested size: 75.59315pt x 105.84183pt.
File: figures/exp/gc_front.jpg Graphic file (type jpg)

<use figures/exp/gc_front.jpg>
Package pdftex.def Info: figures/exp/gc_front.jpg used on input line 423.
(pdftex.def)             Requested size: 75.59396pt x 105.83765pt.
Package epstopdf Info: Source file: <figures/exp/gc_roth_front.eps>
(epstopdf)                    date: 2016-08-21 21:10:44
(epstopdf)                    size: 364579 bytes
(epstopdf)             Output file: <figures/exp/gc_roth_front-eps-converted-to
.pdf>
(epstopdf)                    date: 2016-08-21 21:15:28
(epstopdf)                    size: 151945 bytes
(epstopdf)             Command: <repstopdf --outfile=figures/exp/gc_roth_front-
eps-converted-to.pdf figures/exp/gc_roth_front.eps>
(epstopdf)             \includegraphics on input line 424.
Package epstopdf Info: Output file is already uptodate.

<figures/exp/gc_roth_front-eps-converted-to.pdf, id=418, 578.16pt x 433.62pt>
File: figures/exp/gc_roth_front-eps-converted-to.pdf Graphic file (type pdf)

<use figures/exp/gc_roth_front-eps-converted-to.pdf>
Package pdftex.def Info: figures/exp/gc_roth_front-eps-converted-to.pdf used on
 input line 424.
(pdftex.def)             Requested size: 75.59315pt x 105.84183pt.
Package epstopdf Info: Source file: <figures/exp/gc_front.eps>
(epstopdf)                    date: 2016-08-20 19:54:20
(epstopdf)                    size: 368978 bytes
(epstopdf)             Output file: <figures/exp/gc_front-eps-converted-to.pdf>

(epstopdf)                    date: 2016-08-21 16:26:06
(epstopdf)                    size: 110143 bytes
(epstopdf)             Command: <repstopdf --outfile=figures/exp/gc_front-eps-c
onverted-to.pdf figures/exp/gc_front.eps>
(epstopdf)             \includegraphics on input line 425.
Package epstopdf Info: Output file is already uptodate.
File: figures/exp/gc_front-eps-converted-to.pdf Graphic file (type pdf)

<use figures/exp/gc_front-eps-converted-to.pdf>
Package pdftex.def Info: figures/exp/gc_front-eps-converted-to.pdf used on inpu
t line 425.
(pdftex.def)             Requested size: 75.59315pt x 105.84183pt.
File: figures/exp/gc_profile.jpg Graphic file (type jpg)

<use figures/exp/gc_profile.jpg>
Package pdftex.def Info: figures/exp/gc_profile.jpg used on input line 426.
(pdftex.def)             Requested size: 75.59717pt x 105.84471pt.

<figures/exp/gc_roth_profile.png, id=421, 304.13625pt x 432.61626pt>
File: figures/exp/gc_roth_profile.png Graphic file (type png)

<use figures/exp/gc_roth_profile.png>
Package pdftex.def Info: figures/exp/gc_roth_profile.png used on input line 427
.
(pdftex.def)             Requested size: 75.593pt x 105.84367pt.
Package epstopdf Info: Source file: <figures/exp/gc_profile.eps>
(epstopdf)                    date: 2016-08-20 19:54:35
(epstopdf)                    size: 200400 bytes
(epstopdf)             Output file: <figures/exp/gc_profile-eps-converted-to.pd
f>
(epstopdf)                    date: 2016-08-21 16:26:08
(epstopdf)                    size: 112057 bytes
(epstopdf)             Command: <repstopdf --outfile=figures/exp/gc_profile-eps
-converted-to.pdf figures/exp/gc_profile.eps>
(epstopdf)             \includegraphics on input line 428.
Package epstopdf Info: Output file is already uptodate.
File: figures/exp/gc_profile-eps-converted-to.pdf Graphic file (type pdf)

<use figures/exp/gc_profile-eps-converted-to.pdf>
Package pdftex.def Info: figures/exp/gc_profile-eps-converted-to.pdf used on in
put line 428.
(pdftex.def)             Requested size: 75.59315pt x 105.84183pt.
File: figures/exp/tc_front.jpg Graphic file (type jpg)

<use figures/exp/tc_front.jpg>
Package pdftex.def Info: figures/exp/tc_front.jpg used on input line 431.
(pdftex.def)             Requested size: 75.59921pt x 105.84206pt.
Package epstopdf Info: Source file: <figures/exp/tc_roth_front.eps>
(epstopdf)                    date: 2016-08-21 20:49:05
(epstopdf)                    size: 370971 bytes
(epstopdf)             Output file: <figures/exp/tc_roth_front-eps-converted-to
.pdf>
(epstopdf)                    date: 2016-08-21 20:53:56
(epstopdf)                    size: 158514 bytes
(epstopdf)             Command: <repstopdf --outfile=figures/exp/tc_roth_front-
eps-converted-to.pdf figures/exp/tc_roth_front.eps>
(epstopdf)             \includegraphics on input line 432.
Package epstopdf Info: Output file is already uptodate.

<figures/exp/tc_roth_front-eps-converted-to.pdf, id=423, 578.16pt x 433.62pt>
File: figures/exp/tc_roth_front-eps-converted-to.pdf Graphic file (type pdf)

<use figures/exp/tc_roth_front-eps-converted-to.pdf>
Package pdftex.def Info: figures/exp/tc_roth_front-eps-converted-to.pdf used on
 input line 432.
(pdftex.def)             Requested size: 75.59315pt x 105.84003pt.
Package epstopdf Info: Source file: <figures/exp/tc_front.eps>
(epstopdf)                    date: 2016-08-21 11:13:51
(epstopdf)                    size: 358217 bytes
(epstopdf)             Output file: <figures/exp/tc_front-eps-converted-to.pdf>

(epstopdf)                    date: 2016-08-21 16:26:42
(epstopdf)                    size: 156921 bytes
(epstopdf)             Command: <repstopdf --outfile=figures/exp/tc_front-eps-c
onverted-to.pdf figures/exp/tc_front.eps>
(epstopdf)             \includegraphics on input line 433.
Package epstopdf Info: Output file is already uptodate.
File: figures/exp/tc_front-eps-converted-to.pdf Graphic file (type pdf)

<use figures/exp/tc_front-eps-converted-to.pdf>
Package pdftex.def Info: figures/exp/tc_front-eps-converted-to.pdf used on inpu
t line 433.
(pdftex.def)             Requested size: 75.59315pt x 105.84183pt.
File: figures/exp/tc_profile.jpg Graphic file (type jpg)

<use figures/exp/tc_profile.jpg>
Package pdftex.def Info: figures/exp/tc_profile.jpg used on input line 434.
(pdftex.def)             Requested size: 75.5957pt x 105.83838pt.

<figures/exp/tc_roth_profile.png, id=426, 306.14375pt x 421.575pt>
File: figures/exp/tc_roth_profile.png Graphic file (type png)

<use figures/exp/tc_roth_profile.png>
Package pdftex.def Info: figures/exp/tc_roth_profile.png used on input line 435
.
(pdftex.def)             Requested size: 75.5968pt x 105.84317pt.
Package epstopdf Info: Source file: <figures/exp/tc_profile.eps>
(epstopdf)                    date: 2016-08-21 11:14:28
(epstopdf)                    size: 190839 bytes
(epstopdf)             Output file: <figures/exp/tc_profile-eps-converted-to.pd
f>
(epstopdf)                    date: 2016-08-21 16:26:43
(epstopdf)                    size: 65762 bytes
(epstopdf)             Command: <repstopdf --outfile=figures/exp/tc_profile-eps
-converted-to.pdf figures/exp/tc_profile.eps>
(epstopdf)             \includegraphics on input line 436.
Package epstopdf Info: Output file is already uptodate.
File: figures/exp/tc_profile-eps-converted-to.pdf Graphic file (type pdf)

<use figures/exp/tc_profile-eps-converted-to.pdf>
Package pdftex.def Info: figures/exp/tc_profile-eps-converted-to.pdf used on in
put line 436.
(pdftex.def)             Requested size: 75.59315pt x 105.84183pt.
File: figures/exp/wm_front.jpg Graphic file (type jpg)

<use figures/exp/wm_front.jpg>
Package pdftex.def Info: figures/exp/wm_front.jpg used on input line 438.
(pdftex.def)             Requested size: 75.59718pt x 105.84305pt.
Package epstopdf Info: Source file: <figures/exp/wm_roth_front.eps>
(epstopdf)                    date: 2016-08-21 20:40:25
(epstopdf)                    size: 319395 bytes
(epstopdf)             Output file: <figures/exp/wm_roth_front-eps-converted-to
.pdf>
(epstopdf)                    date: 2016-08-21 20:54:46
(epstopdf)                    size: 123204 bytes
(epstopdf)             Command: <repstopdf --outfile=figures/exp/wm_roth_front-
eps-converted-to.pdf figures/exp/wm_roth_front.eps>
(epstopdf)             \includegraphics on input line 439.
Package epstopdf Info: Output file is already uptodate.

<figures/exp/wm_roth_front-eps-converted-to.pdf, id=428, 578.16pt x 433.62pt>
File: figures/exp/wm_roth_front-eps-converted-to.pdf Graphic file (type pdf)

<use figures/exp/wm_roth_front-eps-converted-to.pdf>
Package pdftex.def Info: figures/exp/wm_roth_front-eps-converted-to.pdf used on
 input line 439.
(pdftex.def)             Requested size: 75.59315pt x 105.84183pt.
Package epstopdf Info: Source file: <figures/exp/wm_front.eps>
(epstopdf)                    date: 2016-08-21 09:35:07
(epstopdf)                    size: 355286 bytes
(epstopdf)             Output file: <figures/exp/wm_front-eps-converted-to.pdf>

(epstopdf)                    date: 2016-08-21 16:27:47
(epstopdf)                    size: 107869 bytes
(epstopdf)             Command: <repstopdf --outfile=figures/exp/wm_front-eps-c
onverted-to.pdf figures/exp/wm_front.eps>
(epstopdf)             \includegraphics on input line 440.
Package epstopdf Info: Output file is already uptodate.
File: figures/exp/wm_front-eps-converted-to.pdf Graphic file (type pdf)

<use figures/exp/wm_front-eps-converted-to.pdf>
Package pdftex.def Info: figures/exp/wm_front-eps-converted-to.pdf used on inpu
t line 440.
(pdftex.def)             Requested size: 75.59315pt x 105.84183pt.
File: figures/exp/wm_profile.jpg Graphic file (type jpg)

<use figures/exp/wm_profile.jpg>
Package pdftex.def Info: figures/exp/wm_profile.jpg used on input line 441.
(pdftex.def)             Requested size: 75.59717pt x 105.84152pt.

<figures/exp/wm_roth_profile2.png, id=431, 193.72375pt x 305.14pt>
File: figures/exp/wm_roth_profile2.png Graphic file (type png)

<use figures/exp/wm_roth_profile2.png>
Package pdftex.def Info: figures/exp/wm_roth_profile2.png used on input line 44
2.
(pdftex.def)             Requested size: 75.59569pt x 100.79576pt.
Package epstopdf Info: Source file: <figures/exp/wm_profile.eps>
(epstopdf)                    date: 2016-08-21 09:35:43
(epstopdf)                    size: 207594 bytes
(epstopdf)             Output file: <figures/exp/wm_profile-eps-converted-to.pd
f>
(epstopdf)                    date: 2016-08-21 16:29:08
(epstopdf)                    size: 87778 bytes
(epstopdf)             Command: <repstopdf --outfile=figures/exp/wm_profile-eps
-converted-to.pdf figures/exp/wm_profile.eps>
(epstopdf)             \includegraphics on input line 443.
Package epstopdf Info: Output file is already uptodate.
File: figures/exp/wm_profile-eps-converted-to.pdf Graphic file (type pdf)

<use figures/exp/wm_profile-eps-converted-to.pdf>
Package pdftex.def Info: figures/exp/wm_profile-eps-converted-to.pdf used on in
put line 443.
(pdftex.def)             Requested size: 79.82973pt x 105.84338pt.

Underfull \hbox (badness 10000) in paragraph at lines 450--450

 []


LaTeX Warning: Float too large for page by 49.06436pt on input line 451.

Package atveryend Info: Empty hook `BeforeClearDocument' on input line 455.
[6] [7 <./figures/exp/roth_cf_front-eps-converted-to.pdf> <./figures/exp/cf_fro
nt-eps-converted-to.pdf> <./figures/exp/roth_cf_profile-eps-converted-to.pdf> <
./figures/exp/cf_profile-eps-converted-to.pdf> <./figures/exp/roth_ed_front-eps
-converted-to.pdf> <./figures/exp/ed_front-eps-converted-to.pdf> <./figures/exp
/roth_ed_profile-eps-converted-to.pdf> <./figures/exp/ed_profile-eps-converted-
to.pdf> <./figures/exp/roth_gc_front-eps-converted-to.pdf> <./figures/exp/gc_fr
ont-eps-converted-to.pdf> <./figures/exp/roth_gc_profile-eps-converted-to.pdf> 
<./figures/exp/gc_profile-eps-converted-to.pdf> <./figures/exp/roth_tc_front-ep
s-converted-to.pdf> <./figures/exp/tc_front-eps-converted-to.pdf> <./figures/ex
p/roth_tc_profile-eps-converted-to.pdf> <./figures/exp/tc_profile-eps-converted
-to.pdf> <./figures/exp/roth_wm_front-eps-converted-to.pdf> <./figures/exp/wm_f
ront-eps-converted-to.pdf> <./figures/exp/roth_wm_profile-eps-converted-to.pdf>
 <./figures/exp/wm_profile-eps-converted-to.pdf> <./figures/exp/cf_front.jpg> <
./figures/exp/cf_profile.jpg> <./figures/exp/ed_front.jpg> <./figures/exp/ed_pr
ofile.jpg> <./figures/exp/gc_front.jpg> <./figures/exp/gc_profile.jpg> <./figur
es/exp/tc_front.jpg> <./figures/exp/tc_profile.jpg> <./figures/exp/wm_front.jpg
> <./figures/exp/wm_profile.jpg>] [8 <./figures/exp/cf_roth_front-eps-converted
-to.pdf> <./figures/exp/ed_roth_front-eps-converted-to.pdf> <./figures/exp/gc_r
oth_front-eps-converted-to.pdf> <./figures/exp/tc_roth_front-eps-converted-to.p
df> <./figures/exp/wm_roth_front-eps-converted-to.pdf> <./figures/teaser/bw_rot
h_front.png> <./figures/teaser/bw_roth_profile.png> <./figures/exp/cf_roth_prof
ile.png> <./figures/exp/ed_roth_profile.png> <./figures/exp/gc_roth_profile.png
> <./figures/exp/tc_roth_profile.png> <./figures/exp/wm_roth_profile2.png>]
Package atveryend Info: Empty hook `AfterLastShipout' on input line 455.

(./EGauthorGuidelines-VMV16-fin.aux)
Package atveryend Info: Executing hook `AtVeryEndDocument' on input line 455.
Package atveryend Info: Executing hook `AtEndAfterFileList' on input line 455.
Package rerunfilecheck Info: File `EGauthorGuidelines-VMV16-fin.brf' has not ch
anged.
(rerunfilecheck)             Checksum: 18ED3B518829BA83FF909779DEC83A96;2066.
Package atveryend Info: Empty hook `AtVeryVeryEnd' on input line 455.
 ) ) 
Here is how much of TeX's memory you used:
 7179 strings out of 493117
 111000 string characters out of 6135433
 214767 words of memory out of 5000000
 10387 multiletter control sequences out of 15000+600000
 58923 words of font info for 91 fonts, out of 8000000 for 9000
 1141 hyphenation exceptions out of 8191
 32i,16n,27p,1389b,330s stack positions out of 5000i,500n,10000p,200000b,80000s
{/usr/local/texlive/2014/texmf-dist/fonts/enc/dvips/base/8r.enc}</usr/local
/texlive/2014/texmf-dist/fonts/type1/public/amsfonts/cm/cmmi10.pfb></usr/local/
texlive/2014/texmf-dist/fonts/type1/public/amsfonts/cm/cmr10.pfb></usr/local/te
xlive/2014/texmf-dist/fonts/type1/public/amsfonts/cm/cmsy5.pfb></usr/local/texl
ive/2014/texmf-dist/fonts/type1/public/amsfonts/cm/cmsy6.pfb></usr/local/texliv
e/2014/texmf-dist/fonts/type1/public/amsfonts/cm/cmsy7.pfb></usr/local/texlive/
2014/texmf-dist/fonts/type1/public/amsfonts/cm/cmsy9.pfb></usr/local/texlive/20
14/texmf-dist/fonts/type1/public/amsfonts/symbols/msbm10.pfb></usr/local/texliv
e/2014/texmf-dist/fonts/type1/urw/courier/ucrr8a.pfb></usr/local/texlive/2014/t
exmf-dist/fonts/type1/urw/symbol/usyr.pfb></usr/local/texlive/2014/texmf-dist/f
onts/type1/urw/times/utmb8a.pfb></usr/local/texlive/2014/texmf-dist/fonts/type1
/urw/times/utmr8a.pfb></usr/local/texlive/2014/texmf-dist/fonts/type1/urw/times
/utmri8a.pfb>
Output written on EGauthorGuidelines-VMV16-fin.pdf (8 pages, 6110882 bytes).
PDF statistics:
 765 PDF objects out of 1000 (max. 8388607)
 392 compressed objects within 4 object streams
 58 named destinations out of 1000 (max. 500000)
 596 words of extra memory for PDF output out of 10000 (max. 10000000)

